This is e-pTeX, Version 3.14159265-p3.7-160201-2.6 (utf8.euc) (TeX Live 2016) (preloaded format=platex 2017.2.14)  16 OCT 2024 11:44
entering extended mode
 restricted \write18 enabled.
 file:line:error style messages enabled.
 %&-line parsing enabled.
**IPSJ2021_Ando_response.tex
(./IPSJ2021_Ando_response.tex
pLaTeX2e <2016/11/29> (based on LaTeX2e <2017/01/01> patch level 1)
Babel <3.9r> and hyphenation patterns for 83 language(s) loaded.
(/usr/local/texlive/2016/texmf-dist/tex/platex/base/jarticle.cls
Document Class: jarticle 2016/11/22 v1.7b Standard pLaTeX class
\c@@paper=\count82
(/usr/local/texlive/2016/texmf-dist/tex/platex/base/jsize10.clo
File: jsize10.clo 2016/11/22 v1.7b Standard pLaTeX file (size option)
)
\c@part=\count83
\c@section=\count84
\c@subsection=\count85
\c@subsubsection=\count86
\c@paragraph=\count87
\c@subparagraph=\count88
\c@figure=\count89
\c@table=\count90
\abovecaptionskip=\skip41
\belowcaptionskip=\skip42
\symmincho=\mathgroup4
LaTeX Font Info:    Overwriting symbol font `mincho' in version `bold'
(Font)                  JY1/mc/m/n --> JY1/gt/m/n on input line 579.
\toclineskip=\dimen118
\@lnumwidth=\dimen119
\bibindent=\dimen120
\heisei=\count91
)
(/usr/local/texlive/2016/texmf-dist/tex/latex/graphics/color.sty
Package: color 2016/07/10 v1.1e Standard LaTeX Color (DPC)

(/usr/local/texlive/2016/texmf-dist/tex/latex/graphics-cfg/color.cfg
File: color.cfg 2016/01/02 v1.6 sample color configuration
)
Package color Info: Driver file: dvips.def on input line 147.

(/usr/local/texlive/2016/texmf-dist/tex/latex/graphics-def/dvips.def
File: dvips.def 2016/07/10 v3.1a Driver-dependent file (DPC,SPQR)
)
(/usr/local/texlive/2016/texmf-dist/tex/latex/graphics/dvipsnam.def
File: dvipsnam.def 2016/06/17 v3.0m Driver-dependent file (DPC,SPQR)
))
(/usr/local/texlive/2016/texmf-dist/tex/latex/graphics/graphicx.sty
Package: graphicx 2014/10/28 v1.0g Enhanced LaTeX Graphics (DPC,SPQR)

(/usr/local/texlive/2016/texmf-dist/tex/latex/graphics/keyval.sty
Package: keyval 2014/10/28 v1.15 key=value parser (DPC)
\KV@toks@=\toks15
)
(/usr/local/texlive/2016/texmf-dist/tex/latex/graphics/graphics.sty
Package: graphics 2016/10/09 v1.0u Standard LaTeX Graphics (DPC,SPQR)

(/usr/local/texlive/2016/texmf-dist/tex/latex/graphics/trig.sty
Package: trig 2016/01/03 v1.10 sin cos tan (DPC)
)
(/usr/local/texlive/2016/texmf-dist/tex/latex/graphics-cfg/graphics.cfg
File: graphics.cfg 2016/06/04 v1.11 sample graphics configuration
)
Package graphics Info: Driver file: dvipdfmx.def on input line 99.

(/usr/local/texlive/2016/texmf-dist/tex/latex/graphics-def/dvipdfmx.def
File: dvipdfmx.def 2016/07/11 v4.12 LaTeX color/graphics driver for dvipdfmx (L
3/ChoF)
))
\Gin@req@height=\dimen121
\Gin@req@width=\dimen122
)
(/usr/local/texlive/2016/texmf-dist/tex/latex/tools/tabularx.sty
Package: tabularx 2016/02/03 v2.11 `tabularx' package (DPC)

(/usr/local/texlive/2016/texmf-dist/tex/latex/tools/array.sty
Package: array 2016/10/06 v2.4d Tabular extension package (FMi)
\col@sep=\dimen123
\extrarowheight=\dimen124
\NC@list=\toks16
\extratabsurround=\skip43
\backup@length=\skip44
)
\TX@col@width=\dimen125
\TX@old@table=\dimen126
\TX@old@col=\dimen127
\TX@target=\dimen128
\TX@delta=\dimen129
\TX@cols=\count92
\TX@ftn=\toks17
)
(/usr/local/texlive/2016/texmf-dist/tex/latex/fancyhdr/fancyhdr.sty
Package: fancyhdr 2016/09/06 3.8 Extensive control of page headers and footers
\fancy@headwidth=\skip45
\f@ncyO@elh=\skip46
\f@ncyO@erh=\skip47
\f@ncyO@olh=\skip48
\f@ncyO@orh=\skip49
\f@ncyO@elf=\skip50
\f@ncyO@erf=\skip51
\f@ncyO@olf=\skip52
\f@ncyO@orf=\skip53
)
(/usr/local/texlive/2016/texmf-dist/tex/latex/lastpage/lastpage.sty
Package: lastpage 2015/03/29 v1.2m Refers to last page's name (HMM; JPG)
)
(/usr/local/texlive/2016/texmf-dist/tex/latex/multirow/multirow.sty
Package: multirow 2016/11/25 v2.2 Span multiple rows of a table
\multirow@colwidth=\skip54
\multirow@cntb=\count93
\multirow@dima=\skip55
\bigstrutjot=\dimen130
)
(./ulem.sty
\UL@box=\box41
\UL@hyphenbox=\box42
\UL@skip=\skip56
\UL@hook=\toks18
\UL@height=\dimen131
\UL@pe=\count94
\UL@pixel=\dimen132
\ULC@box=\box43
Package: ulem 2012/05/18
\ULdepth=\dimen133
) (./latexsym.sty
Package: latexsym 1998/08/17 v2.2e Standard LaTeX package (lasy symbols)
\symlasy=\mathgroup5
LaTeX Font Info:    Overwriting symbol font `lasy' in version `bold'
(Font)                  U/lasy/m/n --> U/lasy/b/n on input line 42.
) (./maltcol.sty
Style option: `multicol' v1.4m <92/09/04> (FMi)
English documentation          <92/09/04> (FMi)
\mult@box=\box44
\multicol@leftmargin=\dimen134
\c@unbalance=\count95
\c@collectmore=\count96
\c@tracingmulticols=\count97
\col@number=\count98
\doublecol@number=\count99
\multicoltolerance=\count100
\multicolpretolerance=\count101
\full@width=\dimen135
\page@free=\dimen136
\premulticols=\dimen137
\postmulticols=\dimen138
\multicolsep=\skip57
\multicolbaselineskip=\skip58
\partial@page=\box45
\last@line=\box46
) (./jumoline.sty
Package: jumoline 2001/05/31 v1.2 
\UnderlineTexDepth=\dimen139
\MidlineHeight=\dimen140
\OverlineHeight=\dimen141
\UMOlineThickness=\dimen142
\UMO@height=\dimen143
\UMO@depth=\dimen144
\UMO@dqspace=\dimen145
\UMO@tempdim=\dimen146
\UMO@prejfmglue=\skip59
\UMO@postjfmglue=\skip60
\UMO@mode=\count102
\UMO@spacefactor=\count103
\UMO@firstxspcode=\count104
\UMO@lastxspcode=\count105
\UMO@inhibitxspcode=\count106
\UMO@prebreakpenalty=\count107
\UMO@postbreakpenalty=\count108
\UMO@kpostbreakpenalty=\count109
)
(/usr/local/texlive/2016/texmf-dist/tex/latex/caption/caption.sty
Package: caption 2016/02/21 v3.3-144 Customizing captions (AR)

(/usr/local/texlive/2016/texmf-dist/tex/latex/caption/caption3.sty
Package: caption3 2016/05/22 v1.7-166 caption3 kernel (AR)
Package caption3 Info: TeX engine: e-TeX on input line 67.
\captionmargin=\dimen147
\captionmargin@=\dimen148
\captionwidth=\dimen149
\caption@tempdima=\dimen150
\caption@indent=\dimen151
\caption@parindent=\dimen152
\caption@hangindent=\dimen153
Package caption Info: Unknown document class (or package),
(caption)             standard defaults will be used.
)

Package caption Warning: Unsupported document class (or package) detected,
(caption)                usage of the caption package is not recommended.
See the caption package documentation for explanation.

Package caption Info: \@makecaption = \long macro:#1#2->\vskip \abovecaptionski
p \iftdir \sbox \@tempboxa {#1\hskip 1zw#2}\else \sbox \@tempboxa {#1: #2}\fi \
ifdim \wd \@tempboxa >\hsize \iftdir #1\hskip 1zw#2\relax \par \else #1: #2\rel
ax \par \fi \else \global \@minipagefalse \hb@xt@ \hsize {\hfil \box \@tempboxa
 \hfil }\fi \vskip \belowcaptionskip .
\c@ContinuedFloat=\count110
) (/usr/local/texlive/2016/texmf-dist/tex/latex/url/url.sty
\Urlmuskip=\muskip10
Package: url 2013/09/16  ver 3.4  Verb mode for urls, etc.
)
No file IPSJ2021_Ando_response.aux.
\openout1 = `IPSJ2021_Ando_response.aux'.

LaTeX Font Info:    Checking defaults for OML/cmm/m/it on input line 76.
LaTeX Font Info:    ... okay on input line 76.
LaTeX Font Info:    Checking defaults for T1/cmr/m/n on input line 76.
LaTeX Font Info:    ... okay on input line 76.
LaTeX Font Info:    Checking defaults for OT1/cmr/m/n on input line 76.
LaTeX Font Info:    ... okay on input line 76.
LaTeX Font Info:    Checking defaults for OMS/cmsy/m/n on input line 76.
LaTeX Font Info:    ... okay on input line 76.
LaTeX Font Info:    Checking defaults for OMX/cmex/m/n on input line 76.
LaTeX Font Info:    ... okay on input line 76.
LaTeX Font Info:    Checking defaults for U/cmr/m/n on input line 76.
LaTeX Font Info:    ... okay on input line 76.
LaTeX Font Info:    Checking defaults for JY1/mc/m/n on input line 76.
LaTeX Font Info:    ... okay on input line 76.
LaTeX Font Info:    Checking defaults for JT1/mc/m/n on input line 76.
LaTeX Font Info:    ... okay on input line 76.
Package lastpage Info: Please have a look at the pageslts package at
(lastpage)             https://www.ctan.org/pkg/pageslts
(lastpage)             ! on input line 76.
Package caption Info: Begin \AtBeginDocument code.
Package caption Info: End \AtBeginDocument code.
LaTeX Font Info:    Font shape `JT1/mc/bx/n' in size <10> not available
(Font)              Font shape `JT1/gt/m/n' tried instead on input line 87.
LaTeX Font Info:    Font shape `JY1/mc/bx/n' in size <10> not available
(Font)              Font shape `JY1/gt/m/n' tried instead on input line 87.

LaTeX Warning: Reference `LastPage' on page 1 undefined on input line 109.

[1

]
LaTeX Font Info:    Try loading font information for OML+cmr on input line 123.

 (/usr/local/texlive/2016/texmf-dist/tex/latex/base/omlcmr.fd
File: omlcmr.fd 2014/09/29 v2.5h Standard LaTeX font definitions
)
LaTeX Font Info:    Font shape `OML/cmr/m/n' in size <10> not available
(Font)              Font shape `OML/cmm/m/it' tried instead on input line 123.


LaTeX Warning: Reference `LastPage' on page 2 undefined on input line 165.

[2]

LaTeX Warning: Reference `LastPage' on page 3 undefined on input line 200.

[3]

LaTeX Warning: Reference `LastPage' on page 4 undefined on input line 223.

[4]
LaTeX Font Info:    Try loading font information for OMS+cmr on input line 227.

 (/usr/local/texlive/2016/texmf-dist/tex/latex/base/omscmr.fd
File: omscmr.fd 2014/09/29 v2.5h Standard LaTeX font definitions
)
LaTeX Font Info:    Font shape `OMS/cmr/m/n' in size <10> not available
(Font)              Font shape `OMS/cmsy/m/n' tried instead on input line 227.
LaTeX Font Info:    External font `cmex10' loaded for size
(Font)              <7> on input line 261.
LaTeX Font Info:    External font `cmex10' loaded for size
(Font)              <5> on input line 261.
LaTeX Font Info:    Try loading font information for U+lasy on input line 261.

(/usr/local/texlive/2016/texmf-dist/tex/latex/base/ulasy.fd
File: ulasy.fd 1998/08/17 v2.2e LaTeX symbol font definitions
)
Overfull \hbox (3.19249pt too wide) in paragraph at lines 261--261
[]|[]| 
 []


Overfull \hbox (3.19249pt too wide) in paragraph at lines 294--294
[]|[]| 
 []


LaTeX Warning: Reference `LastPage' on page 5 undefined on input line 301.

[5]

LaTeX Warning: Reference `LastPage' on page 6 undefined on input line 364.

[6]

LaTeX Warning: Reference `LastPage' on page 7 undefined on input line 385.

[7]

LaTeX Warning: Reference `LastPage' on page 8 undefined on input line 412.

[8]

LaTeX Warning: Reference `LastPage' on page 9 undefined on input line 443.

[9]

LaTeX Warning: Reference `LastPage' on page 10 undefined on input line 477.

[10]

LaTeX Warning: Reference `LastPage' on page 11 undefined on input line 517.

[11]

LaTeX Warning: Reference `LastPage' on page 12 undefined on input line 566.

[12]

LaTeX Warning: Reference `LastPage' on page 13 undefined on input line 584.

[13]

LaTeX Warning: Reference `LastPage' on page 14 undefined on input line 600.

[14]

LaTeX Warning: Reference `LastPage' on page 15 undefined on input line 637.

[15]

LaTeX Warning: Reference `LastPage' on page 16 undefined on input line 663.

[16]

LaTeX Warning: Reference `LastPage' on page 17 undefined on input line 683.

[17]

LaTeX Warning: Reference `LastPage' on page 18 undefined on input line 716.

[18]

Package lastpage Warning: Rerun to get the references right on input line 735.


AED: lastpage setting LastPage

LaTeX Warning: Reference `LastPage' on page 19 undefined on input line 735.

[19] (./IPSJ2021_Ando_response.aux)

LaTeX Warning: There were undefined references.


LaTeX Warning: Label(s) may have changed. Rerun to get cross-references right.

 ) 
Here is how much of TeX's memory you used:
 2556 strings out of 493683
 38939 string characters out of 6149653
 138164 words of memory out of 5000000
 6124 multiletter control sequences out of 15000+600000
 9933 words of font info for 43 fonts, out of 8000000 for 9000
 929 hyphenation exceptions out of 8191
 36i,18n,43p,1113b,427s stack positions out of 5000i,500n,10000p,200000b,80000s

Output written on IPSJ2021_Ando_response.dvi (19 pages, 220024 bytes).
